[debug] [2026-04-08T11:09:36.339Z] ----------------------------------------------------------------------
[debug] [2026-04-08T11:09:36.343Z] Command:       C:\Program Files\nodejs\node.exe C:\Users\gille\AppData\Local\npm-cache\_npx\7750544ccf494d8b\node_modules\firebase-tools\lib\bin\firebase.js deploy --only hosting --project portail-postits
[debug] [2026-04-08T11:09:36.344Z] CLI Version:   15.13.0
[debug] [2026-04-08T11:09:36.344Z] Platform:      win32
[debug] [2026-04-08T11:09:36.344Z] Node Version:  v24.14.1
[debug] [2026-04-08T11:09:36.344Z] Time:          Wed Apr 08 2026 13:09:36 GMT+0200 (heure d’été d’Europe centrale)
[debug] [2026-04-08T11:09:36.346Z] ----------------------------------------------------------------------
[debug] 
[debug] [2026-04-08T11:09:40.392Z] > command requires scopes: ["email","openid","https://www.googleapis.com/auth/cloudplatformprojects.readonly","https://www.googleapis.com/auth/firebase","https://www.googleapis.com/auth/cloud-platform"]
[debug] [2026-04-08T11:09:40.394Z] > authorizing via signed-in user (gilles.cormi@gmail.com)
[debug] [2026-04-08T11:09:40.394Z] [iam] checking project portail-postits for permissions ["firebase.projects.get","firebasehosting.sites.update"]
[debug] [2026-04-08T11:09:40.397Z] Checked if tokens are valid: true, expires at: 1775649705818
[debug] [2026-04-08T11:09:40.397Z] Checked if tokens are valid: true, expires at: 1775649705818
[debug] [2026-04-08T11:09:40.399Z] >>> [apiv2][query] POST https://cloudresourcemanager.googleapis.com/v1/projects/portail-postits:testIamPermissions [none]
[debug] [2026-04-08T11:09:40.399Z] >>> [apiv2][(partial)header] POST https://cloudresourcemanager.googleapis.com/v1/projects/portail-postits:testIamPermissions  x-goog-user-project=portail-postits
[debug] [2026-04-08T11:09:40.399Z] >>> [apiv2][body] POST https://cloudresourcemanager.googleapis.com/v1/projects/portail-postits:testIamPermissions {"permissions":["firebase.projects.get","firebasehosting.sites.update"]}
[debug] [2026-04-08T11:09:41.187Z] <<< [apiv2][status] POST https://cloudresourcemanager.googleapis.com/v1/projects/portail-postits:testIamPermissions 200
[debug] [2026-04-08T11:09:41.187Z] <<< [apiv2][body] POST https://cloudresourcemanager.googleapis.com/v1/projects/portail-postits:testIamPermissions {"permissions":["firebase.projects.get","firebasehosting.sites.update"]}
[debug] [2026-04-08T11:09:41.189Z] Checked if tokens are valid: true, expires at: 1775649705818
[debug] [2026-04-08T11:09:41.189Z] Checked if tokens are valid: true, expires at: 1775649705818
[debug] [2026-04-08T11:09:41.189Z] >>> [apiv2][query] GET https://firebase.googleapis.com/v1beta1/projects/portail-postits [none]
[debug] [2026-04-08T11:09:41.528Z] <<< [apiv2][status] GET https://firebase.googleapis.com/v1beta1/projects/portail-postits 200
[debug] [2026-04-08T11:09:41.528Z] <<< [apiv2][body] GET https://firebase.googleapis.com/v1beta1/projects/portail-postits {"projectId":"portail-postits","projectNumber":"494625342197","displayName":"portail-postits","name":"projects/portail-postits","resources":{"hostingSite":"portail-postits"},"state":"ACTIVE","etag":"1_b7a1d845-748c-4225-8365-9c7ae9337159"}
[info] 
[info] === Deploying to 'portail-postits'...
[info] 
[info] i  deploying hosting 
[debug] [2026-04-08T11:09:41.540Z] Checked if tokens are valid: true, expires at: 1775649705818
[debug] [2026-04-08T11:09:41.541Z] Checked if tokens are valid: true, expires at: 1775649705818
[debug] [2026-04-08T11:09:41.541Z] >>> [apiv2][query] POST https://firebasehosting.googleapis.com/v1beta1/projects/-/sites/portail-postits/versions [none]
[debug] [2026-04-08T11:09:41.541Z] >>> [apiv2][body] POST https://firebasehosting.googleapis.com/v1beta1/projects/-/sites/portail-postits/versions {"status":"CREATED","labels":{"deployment-tool":"cli-firebase"}}
[debug] [2026-04-08T11:09:43.203Z] <<< [apiv2][status] POST https://firebasehosting.googleapis.com/v1beta1/projects/-/sites/portail-postits/versions 200
[debug] [2026-04-08T11:09:43.204Z] <<< [apiv2][body] POST https://firebasehosting.googleapis.com/v1beta1/projects/-/sites/portail-postits/versions {"name":"projects/494625342197/sites/portail-postits/versions/f82592cf9f101753","status":"CREATED","config":{},"labels":{"deployment-tool":"cli-firebase"}}
[info] i  hosting[portail-postits]: beginning deploy... 
[info] i  hosting[portail-postits]: found 38 files in . 
[debug] [2026-04-08T11:09:43.239Z] [hosting] uploading with 200 concurrency
[debug] [2026-04-08T11:09:43.282Z] Checked if tokens are valid: true, expires at: 1775649705818
[debug] [2026-04-08T11:09:43.282Z] Checked if tokens are valid: true, expires at: 1775649705818
[debug] [2026-04-08T11:09:43.285Z] [hosting] hash cache [] stored for 38 files
[debug] [2026-04-08T11:09:43.286Z] [hosting][hash queue][FINAL] {"max":26,"min":0,"avg":0.6842105263157895,"active":0,"complete":38,"success":38,"errored":0,"retried":0,"total":38,"elapsed":32}
[debug] [2026-04-08T11:09:43.286Z] >>> [apiv2][query] POST https://firebasehosting.googleapis.com/v1beta1/projects/494625342197/sites/portail-postits/versions/f82592cf9f101753:populateFiles [none]
[debug] [2026-04-08T11:09:43.286Z] >>> [apiv2][body] POST https://firebasehosting.googleapis.com/v1beta1/projects/494625342197/sites/portail-postits/versions/f82592cf9f101753:populateFiles {"files":{"/youtube_veille.html":"09e648f53b3beca5a39ffe9a414cc2416e3189620751dc374c3313a2ca7e342c","/veille_script.js.tmp.txt":"87da511eb7c5fabff04cc5700cb90e368f6310674e984b363eabf02d05ad6328","/veille_full.script.txt":"08d68020149bc2afae409416a321c2705a9fd2969f12d3dbf4a6a04e9a24145a","/veille.html":"3b1966e3cc2de6e5809aea00c00b9e5512a0e6f88ea358af61df5cf36804f9f3","/test_v3_9.html":"a62a684495acf0216d65ecea1680a5d29b5f5ccbc78808d0165486b1c617cb3a","/temp.js":"a284c22b4c49f10122d2f8ecf906341fff4a0fe3de76d78b8736a36581fc1ddf","/sw.js":"97b9640a2f8dcde124f0848a39f9ea198a11b00722f94b78df52deebfde2869f","/postits.html":"252ca6bf9ed0a0aa5e700345bc6bc27c8974b2f9157a1b93c3113f2ee3570a74","/manifest.json":"54880bd7e88dd0b4e71eced03c83462373601bcdccf749e1dc8fd2c9bf630b84","/index_v2_5_backup.html":"5fa856b15ea7a3e13f36ce8fb3775af619e765610238653869bb749009c5d5a6","/icon-512.png":"1b75841312f5e765588cc6abd69e81247671c38443c5f9bdf75bea2f7b00d77c","/hub.html":"970f62b3b8fcd7f9328fb391d20a155e1639a0586c56bc73bc8615899a99e95f","/hero-image.png":"fe8c8b8e19e30345ec8b0fd9a8a0fd16da3141c4df020892d59b406362c87784","/GUIDE_ALBERT_FORGE.md":"b20146a3e7f6babbb40bed7df1a6c4605e7cccf1310424281c696c7de6a8b851","/firestore.rules":"4973b68d38c752558bdeddf5e41c300629d27dca330001c2f1f15ce47a34d08c","/firestore.indexes.json":"f353f2bff70b6255d3df2e98a6af0a13f9753f599cb13aa3042aa4680acc66e9","/favoris.html":"7943aa39e7a5466a870b56b03869cb8c8a43dcb963abce03d1b8e54f9794304a","/eduforge.html":"03aa85094faea4fbb5647ff06c4358ce35ee203f0427ce5feff07ce6e1c11889","/editeurhtml.html":"66c450b1be5b61b9d7d3406da0d19dc4657feabc715318c638f17146d653c9cf","/classe.html":"ba606478dd180f52877eb5fcbe19889064e2597c66e13a67fd34cb964d3a0b5a","/blocnote.html":"6a15ed87d2a0c7b705667711b0d021a5b783083ce56c0f23b0a5658a12b30d52","/albert_test.html":"da1db594325faba57d9c82f5d44d8e970d9517c886487e9194076fbc903b6d5a","/albert_doc.html":"37487db644b9717f3fe024fa19da7373ab08e2b8e1299d11018fe9761664b1c8","/flipbook/index.html":"39d47942179b255fd2036c14b11280df84eac59f5f7bf038fc02d32123c9959a","/flipbook/cours.pdf":"ddf918aa5e75b00e81282376b76c5d017e0c8ae6b7c3335d5947f0060c9dc35d","/flipbook/lib/three.min.js":"2329455339d3435eedf1d5c5ff6c09813d16100e806402c8c1d3f18e809cbfc4","/flipbook/lib/pdf.worker.min.js":"daa25a6f39eaae73cace0f25b059970153b60af094e17067e321e3350a777628","/flipbook/lib/pdf.min.js":"6aaaa01f3f7bf65fca02767086533d4d5404bb3914129370eb0d7226a2ec03a3","/flipbook/lib/jquery.min.js":"816c5e2b8d19536e325a829047b4236131de89d07832ff5e374ce4cf49cecb6b","/flipbook/lib/dflip/sound/turn.mp3":"1ab5a3eb574fc4b7cc50ccbb088819459f38b1d85148de04157897ea4bef5c7c","/flipbook/lib/dflip/js/dflip.min.js":"7e6b7f7a4b4bd1bde228fea4bb667d4f3ee33c288bf3f3a15151c1ade52dd3b1","/flipbook/lib/dflip/fonts/themify.woff":"7552a894abf41f24c0fb15418aa7748789a6782892c5e7a12681f20421fabbec","/flipbook/lib/dflip/fonts/themify.ttf":"77fc8850a0676d02f8cea5303ec7e74a3b8adedf319dc267e02d710fa180ff4d","/flipbook/lib/dflip/css/dflip.min.css":"b0f285894a9163182ae4c09e906f97c901af6ac9804708e176236979d2119bff","/flipbook/js/pdf-logic.js":"f44c67352dc9b604bbcaea6dfb6a711426ba1f8d1638de34c67125afc748be5c","/flipbook/js/app.js":"13ab2ad5ccdc9e16914da4586ad93ce766b2445e4ee3d4ad8a50ba9412f3880a","/flipbook/css/studio.css":"28e131c5ab0b48528c32544e4a2bfa6704a5f815bf569dde69d88e69bcc6ac82","/index.html":"45486ae9c5208308e5a518bb1a28acea3db8fb141d859ff3e53124753b74fe61"}}
[debug] [2026-04-08T11:09:44.232Z] <<< [apiv2][status] POST https://firebasehosting.googleapis.com/v1beta1/projects/494625342197/sites/portail-postits/versions/f82592cf9f101753:populateFiles 200
[debug] [2026-04-08T11:09:44.232Z] <<< [apiv2][body] POST https://firebasehosting.googleapis.com/v1beta1/projects/494625342197/sites/portail-postits/versions/f82592cf9f101753:populateFiles {"uploadRequiredHashes":["45486ae9c5208308e5a518bb1a28acea3db8fb141d859ff3e53124753b74fe61"],"uploadUrl":"https://upload-firebasehosting.googleapis.com/upload/sites/portail-postits/versions/f82592cf9f101753/files"}
[debug] [2026-04-08T11:09:44.233Z] Checked if tokens are valid: true, expires at: 1775649705818
[debug] [2026-04-08T11:09:44.233Z] Checked if tokens are valid: true, expires at: 1775649705818
[debug] [2026-04-08T11:09:44.233Z] >>> [apiv2][query] POST https://upload-firebasehosting.googleapis.com/upload/sites/portail-postits/versions/f82592cf9f101753/files/45486ae9c5208308e5a518bb1a28acea3db8fb141d859ff3e53124753b74fe61 [none]
[debug] [2026-04-08T11:09:44.234Z] >>> [apiv2][body] POST https://upload-firebasehosting.googleapis.com/upload/sites/portail-postits/versions/f82592cf9f101753/files/45486ae9c5208308e5a518bb1a28acea3db8fb141d859ff3e53124753b74fe61 [stream]
[debug] [2026-04-08T11:09:44.236Z] [hosting][populate queue][FINAL] {"max":951,"min":951,"avg":951,"active":0,"complete":1,"success":1,"errored":0,"retried":0,"total":1,"elapsed":954}
[debug] [2026-04-08T11:09:44.236Z] [hosting] uploads queued: 1
[info] i  hosting: uploading new files [0/1] (0%) 
[debug] [2026-04-08T11:09:45.307Z] <<< [apiv2][status] POST https://upload-firebasehosting.googleapis.com/upload/sites/portail-postits/versions/f82592cf9f101753/files/45486ae9c5208308e5a518bb1a28acea3db8fb141d859ff3e53124753b74fe61 200
[debug] [2026-04-08T11:09:45.308Z] <<< [apiv2][body] POST https://upload-firebasehosting.googleapis.com/upload/sites/portail-postits/versions/f82592cf9f101753/files/45486ae9c5208308e5a518bb1a28acea3db8fb141d859ff3e53124753b74fe61 [stream]
[debug] [2026-04-08T11:09:45.308Z] [hosting][upload queue][FINAL] {"max":1076,"min":1076,"avg":1076,"active":0,"complete":1,"success":1,"errored":0,"retried":0,"total":1,"elapsed":1076}
[info] i  hosting: upload complete 
[info] +  hosting[portail-postits]: file upload complete 
[debug] [2026-04-08T11:09:45.308Z] [hosting] deploy completed after 2100ms
[debug] [2026-04-08T11:09:45.309Z] [
  {
    "config": {
      "public": ".",
      "ignore": [
        "firebase.json",
        "**/.*",
        "**/node_modules/**",
        "*.bat",
        "*.ps1"
      ],
      "headers": [
        {
          "source": "*.html",
          "headers": [
            {
              "key": "Cache-Control",
              "value": "no-cache, no-store, must-revalidate"
            },
            {
              "key": "Pragma",
              "value": "no-cache"
            },
            {
              "key": "Expires",
              "value": "0"
            }
          ]
        }
      ],
      "site": "portail-postits"
    },
    "version": "projects/494625342197/sites/portail-postits/versions/f82592cf9f101753"
  }
]
[info] i  hosting[portail-postits]: finalizing version... 
[debug] [2026-04-08T11:09:45.312Z] Checked if tokens are valid: true, expires at: 1775649705818
[debug] [2026-04-08T11:09:45.312Z] Checked if tokens are valid: true, expires at: 1775649705818
[debug] [2026-04-08T11:09:45.313Z] >>> [apiv2][query] PATCH https://firebasehosting.googleapis.com/v1beta1/projects/-/sites/portail-postits/versions/f82592cf9f101753 updateMask=status%2Cconfig
[debug] [2026-04-08T11:09:45.314Z] >>> [apiv2][body] PATCH https://firebasehosting.googleapis.com/v1beta1/projects/-/sites/portail-postits/versions/f82592cf9f101753 {"status":"FINALIZED","config":{"headers":[{"glob":"*.html","headers":{"Cache-Control":"no-cache, no-store, must-revalidate","Pragma":"no-cache","Expires":"0"}}]}}
